<?xml version="1.0" encoding="UTF-8"?>
<testsuite name="com.assignment.endtoendtest.specification.APITestSpec" tests="3" skipped="2" failures="0" errors="0" timestamp="2021-11-07T09:32:07" hostname="LAPTOP-5KCDSVJ7" time="1.635">
  <properties/>
  <testcase name="(#scenarioSerial) Get Directions" classname="com.assignment.endtoendtest.specification.APITestSpec" time="0.0">
    <skipped/>
  </testcase>
  <testcase name="(001) Get Place From Text" classname="com.assignment.endtoendtest.specification.APITestSpec" time="1.618"/>
  <testcase name="(#scenarioSerial) Geolocate" classname="com.assignment.endtoendtest.specification.APITestSpec" time="0.0">
    <skipped/>
  </testcase>
  <system-out><![CDATA[2021-11-07 15:32:07,132 [Test worker] INFO  com.assignment.endtoendtest.specification.APITestSpec -  Setup Spec method executed... 
2021-11-07 15:32:07,158 [Test worker] INFO  com.assignment.endtoendtest.specification.APITestSpec -  

============================== Scenario - (001) Get Place From Text ==============================
 
2021-11-07 15:32:07,174 [Test worker] INFO  com.assignment.endtoendtest.configuration.Configuration -  Load Properties 
2021-11-07 15:32:07,381 [Test worker] INFO  com.assignment.endtoendtest.httprequesthelper.GoogleApiRequestHelper -  
Request URL: https://maps.googleapis.com/maps/api/place/findplacefromtext/json
Request data : {"key":"AIzaSyAN1hR5ma5FORlM1Paz4pDYbFtSgRjz2z4","input":"SARA M Square","inputtype":"textquery","fields":"formatted_address,name"} 
2021-11-07 15:32:08,754 [Test worker] INFO  com.assignment.endtoendtest.specification.APITestSpec -  Response data : <html>
 <head></head>
 <body>
  { "candidates" : [ { "formatted_address" : "House # 55/2 &amp; 58, Rd No. 2, ???? 1207, ????????", "name" : "???? ?? ???????" } ], "status" : "OK" } 
 </body>
</html> 
2021-11-07 15:32:08,758 [Test worker] INFO  com.assignment.endtoendtest.specification.APITestSpec -  Json body data : "{ \"candidates\" : [ { \"formatted_address\" : \"House # 55/2 & 58, Rd No. 2, \u09a2\u09be\u0995\u09be 1207, \u09ac\u09be\u0982\u09b2\u09be\u09a6\u09c7\u09b6\", \"name\" : \"\u09b8\u09be\u09b0\u09be \u098f\u09ae \u09b8\u09cd\u0995\u09af\u09bc\u09be\u09b0\" } ], \"status\" : \"OK\" }" 
2021-11-07 15:32:08,759 [Test worker] INFO  com.assignment.endtoendtest.specification.APITestSpec -  Status code : 200 
2021-11-07 15:32:08,767 [Test worker] INFO  com.assignment.endtoendtest.specification.APITestSpec -  status : OK 
]]></system-out>
  <system-err><![CDATA[]]></system-err>
</testsuite>
